# JRE version: Java(TM) SE Runtime Environment (8.0_201-b09) (build 1.8.0_201-b09)
# Java VM: Java HotSpot(TM) 64-Bit Server VM (25.201-b09 mixed mode windows-amd64 compressed oops)
Heap:
 PSYoungGen      total 76288K, used 42457K [0x000000076af80000, 0x0000000770480000, 0x00000007c0000000)
  eden space 65536K, 58% used [0x000000076af80000,0x000000076d503a30,0x000000076ef80000)
  from space 10752K, 37% used [0x000000076ef80000,0x000000076f372c78,0x000000076fa00000)
  to   space 10752K, 0% used [0x000000076fa00000,0x000000076fa00000,0x0000000770480000)
 ParOldGen       total 175104K, used 32K [0x00000006c0e00000, 0x00000006cb900000, 0x000000076af80000)
  object space 175104K, 0% used [0x00000006c0e00000,0x00000006c0e08000,0x00000006cb900000)
 Metaspace       used 12179K, capacity 12476K, committed 12544K, reserved 1060864K
  class space    used 1425K, capacity 1513K, committed 1536K, reserved 1048576K
GC Heap History (6 events):
Event: 10.262 GC heap before
{Heap before GC invocations=1 (full 0):
 PSYoungGen      total 76288K, used 65536K [0x000000076af80000, 0x0000000770480000, 0x00000007c0000000)
  eden space 65536K, 100% used [0x000000076af80000,0x000000076ef80000,0x000000076ef80000)
  from space 10752K, 0% used [0x000000076fa00000,0x000000076fa00000,0x0000000770480000)
  to   space 10752K, 0% used [0x000000076ef80000,0x000000076ef80000,0x000000076fa00000)
 ParOldGen       total 175104K, used 0K [0x00000006c0e00000, 0x00000006cb900000, 0x000000076af80000)
  object space 175104K, 0% used [0x00000006c0e00000,0x00000006c0e00000,0x00000006cb900000)
 Metaspace       used 12059K, capacity 12336K, committed 12544K, reserved 1060864K
  class space    used 1421K, capacity 1511K, committed 1536K, reserved 1048576K
Event: 10.266 GC heap after
Heap after GC invocations=1 (full 0):
 PSYoungGen      total 76288K, used 3866K [0x000000076af80000, 0x0000000770480000, 0x00000007c0000000)
  eden space 65536K, 0% used [0x000000076af80000,0x000000076af80000,0x000000076ef80000)
  from space 10752K, 35% used [0x000000076ef80000,0x000000076f346888,0x000000076fa00000)
  to   space 10752K, 0% used [0x000000076fa00000,0x000000076fa00000,0x0000000770480000)
 ParOldGen       total 175104K, used 16K [0x00000006c0e00000, 0x00000006cb900000, 0x000000076af80000)
  object space 175104K, 0% used [0x00000006c0e00000,0x00000006c0e04000,0x00000006cb900000)
 Metaspace       used 12059K, capacity 12336K, committed 12544K, reserved 1060864K
  class space    used 1421K, capacity 1511K, committed 1536K, reserved 1048576K
}
Event: 24.607 GC heap before
{Heap before GC invocations=2 (full 0):
 PSYoungGen      total 76288K, used 69402K [0x000000076af80000, 0x0000000770480000, 0x00000007c0000000)
  eden space 65536K, 100% used [0x000000076af80000,0x000000076ef80000,0x000000076ef80000)
  from space 10752K, 35% used [0x000000076ef80000,0x000000076f346888,0x000000076fa00000)
  to   space 10752K, 0% used [0x000000076fa00000,0x000000076fa00000,0x0000000770480000)
 ParOldGen       total 175104K, used 16K [0x00000006c0e00000, 0x00000006cb900000, 0x000000076af80000)
  object space 175104K, 0% used [0x00000006c0e00000,0x00000006c0e04000,0x00000006cb900000)
 Metaspace       used 12136K, capacity 12412K, committed 12544K, reserved 1060864K
  class space    used 1424K, capacity 1513K, committed 1536K, reserved 1048576K
Event: 24.611 GC heap after
Heap after GC invocations=2 (full 0):
 PSYoungGen      total 76288K, used 3896K [0x000000076af80000, 0x0000000770480000, 0x00000007c0000000)
  eden space 65536K, 0% used [0x000000076af80000,0x000000076af80000,0x000000076ef80000)
  from space 10752K, 36% used [0x000000076fa00000,0x000000076fdce3b0,0x0000000770480000)
  to   space 10752K, 0% used [0x000000076ef80000,0x000000076ef80000,0x000000076fa00000)
 ParOldGen       total 175104K, used 24K [0x00000006c0e00000, 0x00000006cb900000, 0x000000076af80000)
  object space 175104K, 0% used [0x00000006c0e00000,0x00000006c0e06000,0x00000006cb900000)
 Metaspace       used 12136K, capacity 12412K, committed 12544K, reserved 1060864K
  class space    used 1424K, capacity 1513K, committed 1536K, reserved 1048576K
}
Event: 39.069 GC heap before
{Heap before GC invocations=3 (full 0):
 PSYoungGen      total 76288K, used 69427K [0x000000076af80000, 0x0000000770480000, 0x00000007c0000000)
  eden space 65536K, 99% used [0x000000076af80000,0x000000076ef7ebe8,0x000000076ef80000)
  from space 10752K, 36% used [0x000000076fa00000,0x000000076fdce3b0,0x0000000770480000)
  to   space 10752K, 0% used [0x000000076ef80000,0x000000076ef80000,0x000000076fa00000)
 ParOldGen       total 175104K, used 24K [0x00000006c0e00000, 0x00000006cb900000, 0x000000076af80000)
  object space 175104K, 0% used [0x00000006c0e00000,0x00000006c0e06000,0x00000006cb900000)
 Metaspace       used 12167K, capacity 12476K, committed 12544K, reserved 1060864K
  class space    used 1424K, capacity 1513K, committed 1536K, reserved 1048576K
Event: 39.074 GC heap after
Heap after GC invocations=3 (full 0):
 PSYoungGen      total 76288K, used 4043K [0x000000076af80000, 0x0000000770480000, 0x00000007c0000000)
  eden space 65536K, 0% used [0x000000076af80000,0x000000076af80000,0x000000076ef80000)
  from space 10752K, 37% used [0x000000076ef80000,0x000000076f372c78,0x000000076fa00000)
  to   space 10752K, 0% used [0x000000076fa00000,0x000000076fa00000,0x0000000770480000)
 ParOldGen       total 175104K, used 32K [0x00000006c0e00000, 0x00000006cb900000, 0x000000076af80000)
  object space 175104K, 0% used [0x00000006c0e00000,0x00000006c0e08000,0x00000006cb900000)
 Metaspace       used 12167K, capacity 12476K, committed 12544K, reserved 1060864K
  class space    used 1424K, capacity 1513K, committed 1536K, reserved 1048576K
}

